<?xml version="1.0" encoding="UTF-8"?>
<!-- Generated by org.testng.reporters.JUnitReportReporter -->
<testsuite hostname="Nicolass-iMac.fritz.box" name="com.smartfrog.AppTest" tests="1" failures="0" timestamp="20 Nov 2018 22:09:46 GMT" time="1.955" errors="0">
  <testcase name="run_cukes" time="1.955" classname="com.smartfrog.AppTest"/>
</testsuite> <!-- com.smartfrog.AppTest -->
