<?xml version="1.0" encoding="UTF-8"?>
<!-- Generated by org.testng.reporters.JUnitReportReporter -->
<testsuite hostname="Nicolass-iMac.fritz.box" name="com.smartfrog.AppTest" tests="1" failures="0" timestamp="9 Dec 2018 15:53:13 GMT" time="1.690" errors="0">
  <testcase name="run_cukes" time="1.690" classname="com.smartfrog.AppTest"/>
</testsuite> <!-- com.smartfrog.AppTest -->
